<?xml version="1.0" encoding="UTF-8"?>
<testng-results ignored="0" total="2" passed="2" failed="0" skipped="0">
  <reporter-output>
  </reporter-output>
  <suite started-at="2023-02-10T17:10:52 CST" name="BDD Test Suite" finished-at="2023-02-10T17:13:27 CST" duration-ms="154593">
    <groups>
      <group name="cucumber">
        <method signature="AbstractTestNGCucumberTests.runScenario(io.cucumber.testng.PickleEventWrapper,io.cucumber.testng.CucumberFeatureWrapper)[pri:0, instance:com.bdd.runners.LoginModuleRunner@1ed4ae0f]" name="runScenario" class="io.cucumber.testng.AbstractTestNGCucumberTests"/>
      </group> <!-- cucumber -->
    </groups>
    <test started-at="2023-02-10T17:10:52 CST" name="BDD Tests" finished-at="2023-02-10T17:13:27 CST" duration-ms="154593">
      <class name="com.bdd.runners.LoginModuleRunner">
        <test-method is-config="true" signature="setUpClass()[pri:0, instance:com.bdd.runners.LoginModuleRunner@1ed4ae0f]" started-at="2023-02-10T17:10:52 CST" name="setUpClass" finished-at="2023-02-10T17:10:52 CST" duration-ms="99" status="PASS">
          <reporter-output>
          </reporter-output>
        </test-method> <!-- setUpClass -->
        <test-method signature="runScenario(io.cucumber.testng.PickleEventWrapper,io.cucumber.testng.CucumberFeatureWrapper)[pri:0, instance:com.bdd.runners.LoginModuleRunner@1ed4ae0f]" started-at="2023-02-10T17:10:52 CST" name="runScenario" description="Runs Cucumber Scenarios" data-provider="scenarios" finished-at="2023-02-10T17:13:27 CST" duration-ms="154348" status="PASS">
          <params>
            <param index="0">
              <value>
                <![CDATA["user is on the Products page"]]>
              </value>
            </param>
            <param index="1">
              <value>
                <![CDATA["Checkout Module"]]>
              </value>
            </param>
          </params>
          <reporter-output>
          </reporter-output>
        </test-method> <!-- runScenario -->
        <test-method signature="runScenario(io.cucumber.testng.PickleEventWrapper,io.cucumber.testng.CucumberFeatureWrapper)[pri:0, instance:com.bdd.runners.LoginModuleRunner@1ed4ae0f]" started-at="2023-02-10T17:10:52 CST" name="runScenario" description="Runs Cucumber Scenarios" data-provider="scenarios" finished-at="2023-02-10T17:11:06 CST" duration-ms="13602" status="PASS">
          <params>
            <param index="0">
              <value>
                <![CDATA["Verify that login is working with correct credentails"]]>
              </value>
            </param>
            <param index="1">
              <value>
                <![CDATA["Login Module"]]>
              </value>
            </param>
          </params>
          <reporter-output>
          </reporter-output>
        </test-method> <!-- runScenario -->
        <test-method is-config="true" signature="tearDownClass()[pri:0, instance:com.bdd.runners.LoginModuleRunner@1ed4ae0f]" started-at="2023-02-10T17:13:27 CST" name="tearDownClass" finished-at="2023-02-10T17:13:27 CST" duration-ms="85" status="PASS">
          <reporter-output>
          </reporter-output>
        </test-method> <!-- tearDownClass -->
      </class> <!-- com.bdd.runners.LoginModuleRunner -->
    </test> <!-- BDD Tests -->
  </suite> <!-- BDD Test Suite -->
</testng-results>
