<?xml version="1.0" encoding="UTF-8"?>
<testng-results ignored="0" total="2" passed="2" failed="0" skipped="0">
  <reporter-output>
  </reporter-output>
  <suite started-at="2023-01-30T09:36:25 CST" name="Suite" finished-at="2023-01-30T09:37:30 CST" duration-ms="65216">
    <groups>
    </groups>
    <test started-at="2023-01-30T09:36:25 CST" name="Test" finished-at="2023-01-30T09:37:30 CST" duration-ms="65216">
      <class name="testcases.CheckoutTest">
        <test-method is-config="true" signature="setUp()[pri:0, instance:testcases.CheckoutTest@5d534f5d]" started-at="2023-01-30T09:36:25 CST" name="setUp" finished-at="2023-01-30T09:36:28 CST" duration-ms="3624" status="PASS">
          <reporter-output>
          </reporter-output>
        </test-method> <!-- setUp -->
        <test-method signature="checkoutPage()[pri:0, instance:testcases.CheckoutTest@5d534f5d]" started-at="2023-01-30T09:36:28 CST" name="checkoutPage" finished-at="2023-01-30T09:37:30 CST" duration-ms="61322" status="PASS">
          <reporter-output>
          </reporter-output>
        </test-method> <!-- checkoutPage -->
        <test-method is-config="true" signature="cleanUpActivities()[pri:0, instance:testcases.CheckoutTest@5d534f5d]" started-at="2023-01-30T09:37:30 CST" name="cleanUpActivities" finished-at="2023-01-30T09:37:30 CST" duration-ms="238" status="PASS">
          <reporter-output>
          </reporter-output>
        </test-method> <!-- cleanUpActivities -->
      </class> <!-- testcases.CheckoutTest -->
      <class name="testcases.LoginTest">
        <test-method is-config="true" signature="setUp()[pri:0, instance:testcases.LoginTest@6253c26]" started-at="2023-01-30T09:36:25 CST" name="setUp" finished-at="2023-01-30T09:36:28 CST" duration-ms="3624" status="PASS">
          <reporter-output>
          </reporter-output>
        </test-method> <!-- setUp -->
        <test-method signature="testLogin()[pri:0, instance:testcases.LoginTest@6253c26]" started-at="2023-01-30T09:36:28 CST" name="testLogin" finished-at="2023-01-30T09:36:39 CST" duration-ms="10473" status="PASS">
          <reporter-output>
          </reporter-output>
        </test-method> <!-- testLogin -->
        <test-method is-config="true" signature="cleanUpActivities()[pri:0, instance:testcases.LoginTest@6253c26]" started-at="2023-01-30T09:36:39 CST" name="cleanUpActivities" finished-at="2023-01-30T09:36:39 CST" duration-ms="209" status="PASS">
          <reporter-output>
          </reporter-output>
        </test-method> <!-- cleanUpActivities -->
      </class> <!-- testcases.LoginTest -->
    </test> <!-- Test -->
  </suite> <!-- Suite -->
</testng-results>
