<?xml version="1.0" encoding="UTF-8"?>
<testsuite xmlns:xsi="http://www.w3.org/2001/XMLSchema-instance" xsi:noNamespaceSchemaLocation="https://maven.apache.org/surefire/maven-surefire-plugin/xsd/surefire-test-report-3.0.xsd" version="3.0" name="TestSuite" time="155.77" tests="2" errors="0" skipped="0" failures="0">
  <properties>
[...]
</properties>
  <testcase name="runScenario[&quot;Verify that login is working with correct credentails&quot;, &quot;Login Module&quot;](1)" classname="com.bdd.runners.LoginModuleRunner" time="14.381">
    <system-out><![CDATA[our execution env is :stage
our execution env is :stage
The user is login page
The user is login page
standard_user
standard_user
secret_sauce
secret_sauce
user login is succesful and is on the Products page
Hi
user login is succesful and is on the Products page
]]></system-out>
    <system-err><![CDATA[SLF4J: Failed to load class "org.slf4j.impl.StaticLoggerBinder".
SLF4J: Defaulting to no-operation (NOP) logger implementation
SLF4J: See http://www.slf4j.org/codes.html#StaticLoggerBinder for further details.
ERROR StatusLogger Log4j2 could not find a logging implementation. Please add log4j-core to the classpath. Using SimpleLogger to log to the console...
SSttaarrttiinngg C hChrormoemDerDirvievre r1 0190.90..05.451441.4.7744  ((ee77cc55770033660044ddaaaa99cccc112288ccccf5fa55ad5d33ee999935315371538791538-r9e1fs3/-brraencfhs-/hebardsa/n5c4h1-4@h{e#a1d17s2/}5) 4o1n4 p@o{rt# 16121702
}O)nl yo nlo caplo rcto n47n0e2c1t
iOnolnys  loacrael  allcoowendn.ec
Ptlieaosnes  seaer eh atltlposw:e/d/.ch
rPolmeeadsrei vseere. chhtrotmpisu:m/./ocrhgr/osmeedcruirveirt.yc-hcroomnisuimd.eorratgi/onsse fcoru rsuigtgeyst-iconos nosn ikedeepriangt iChornomse Drfiovrer  ssaufge.ge
stions on keeping ChromeDriver safe.
CChhrroommeeDDrriivveerr  wwasa sst asrtteadrt esudc csesuscfcuellsys.f
ully.
Feb 09, 2023 2:15:29 PM org.openqa.selenium.devtools.CdpVersionFinder findNearestMatch
WARNING: Unable to find an exact match for CDP version 109, so returning the closest version found: 107
Feb 09, 2023 2:15:29 PM org.openqa.selenium.devtools.CdpVersionFinder findNearestMatch
WARNING: Unable to find an exact match for CDP version 109, so returning the closest version found: 107
]]></system-err>
  </testcase>
  <testcase name="runScenario[&quot;user is on the Products page&quot;, &quot;Checkout Module&quot;](2)" classname="com.bdd.runners.LoginModuleRunner" time="154.963">
    <system-out><![CDATA[clickOnCart
By.xpath:  //span[@class='shopping_cart_badge']
Total price of the Product:$32.39
]]></system-out>
  </testcase>
</testsuite>