<?xml version="1.0" encoding="UTF-8"?>
<testng-results ignored="0" total="2" passed="2" failed="0" skipped="0">
  <reporter-output>
  </reporter-output>
  <suite started-at="2023-02-10T17:35:06 CST" name="BDD Test Suite" finished-at="2023-02-10T17:37:42 CST" duration-ms="155341">
    <groups>
      <group name="cucumber">
        <method signature="AbstractTestNGCucumberTests.runScenario(io.cucumber.testng.PickleEventWrapper,io.cucumber.testng.CucumberFeatureWrapper)[pri:0, instance:com.bdd.runners.LoginModuleRunner@a38c7fe]" name="runScenario" class="io.cucumber.testng.AbstractTestNGCucumberTests"/>
      </group> <!-- cucumber -->
    </groups>
    <test started-at="2023-02-10T17:35:06 CST" name="BDD Tests" finished-at="2023-02-10T17:37:42 CST" duration-ms="155341">
      <class name="com.bdd.runners.LoginModuleRunner">
        <test-method is-config="true" signature="setUpClass()[pri:0, instance:com.bdd.runners.LoginModuleRunner@a38c7fe]" started-at="2023-02-10T17:35:06 CST" name="setUpClass" finished-at="2023-02-10T17:35:07 CST" duration-ms="132" status="PASS">
          <reporter-output>
          </reporter-output>
        </test-method> <!-- setUpClass -->
        <test-method signature="runScenario(io.cucumber.testng.PickleEventWrapper,io.cucumber.testng.CucumberFeatureWrapper)[pri:0, instance:com.bdd.runners.LoginModuleRunner@a38c7fe]" started-at="2023-02-10T17:35:07 CST" name="runScenario" description="Runs Cucumber Scenarios" data-provider="scenarios" finished-at="2023-02-10T17:35:21 CST" duration-ms="14313" status="PASS">
          <params>
            <param index="0">
              <value>
                <![CDATA["Verify that login is working with correct credentails"]]>
              </value>
            </param>
            <param index="1">
              <value>
                <![CDATA["Login Module"]]>
              </value>
            </param>
          </params>
          <reporter-output>
          </reporter-output>
        </test-method> <!-- runScenario -->
        <test-method signature="runScenario(io.cucumber.testng.PickleEventWrapper,io.cucumber.testng.CucumberFeatureWrapper)[pri:0, instance:com.bdd.runners.LoginModuleRunner@a38c7fe]" started-at="2023-02-10T17:35:07 CST" name="runScenario" description="Runs Cucumber Scenarios" data-provider="scenarios" finished-at="2023-02-10T17:37:42 CST" duration-ms="155056" status="PASS">
          <params>
            <param index="0">
              <value>
                <![CDATA["user is on the Products page"]]>
              </value>
            </param>
            <param index="1">
              <value>
                <![CDATA["Checkout Module"]]>
              </value>
            </param>
          </params>
          <reporter-output>
          </reporter-output>
        </test-method> <!-- runScenario -->
        <test-method is-config="true" signature="tearDownClass()[pri:0, instance:com.bdd.runners.LoginModuleRunner@a38c7fe]" started-at="2023-02-10T17:37:42 CST" name="tearDownClass" finished-at="2023-02-10T17:37:42 CST" duration-ms="78" status="PASS">
          <reporter-output>
          </reporter-output>
        </test-method> <!-- tearDownClass -->
      </class> <!-- com.bdd.runners.LoginModuleRunner -->
    </test> <!-- BDD Tests -->
  </suite> <!-- BDD Test Suite -->
</testng-results>
