<?xml version="1.0" encoding="UTF-8"?>
<testng-results ignored="0" total="1" passed="1" failed="0" skipped="0">
  <reporter-output>
  </reporter-output>
  <suite started-at="2023-01-31T20:12:14 CST" name="Default suite" finished-at="2023-01-31T20:16:28 CST" duration-ms="254063">
    <groups>
    </groups>
    <test started-at="2023-01-31T20:12:14 CST" name="Default test" finished-at="2023-01-31T20:16:28 CST" duration-ms="254063">
      <class name="testcases.CheckoutTest">
        <test-method is-config="true" signature="setUp()[pri:0, instance:testcases.CheckoutTest@209da20d]" started-at="2023-01-31T20:12:14 CST" name="setUp" finished-at="2023-01-31T20:12:17 CST" duration-ms="2851" status="PASS">
          <reporter-output>
          </reporter-output>
        </test-method> <!-- setUp -->
        <test-method signature="checkoutPage()[pri:0, instance:testcases.CheckoutTest@209da20d]" started-at="2023-01-31T20:12:17 CST" name="checkoutPage" finished-at="2023-01-31T20:16:28 CST" duration-ms="251000" status="PASS">
          <reporter-output>
          </reporter-output>
        </test-method> <!-- checkoutPage -->
        <test-method is-config="true" signature="cleanUpActivities()[pri:0, instance:testcases.CheckoutTest@209da20d]" started-at="2023-01-31T20:16:28 CST" name="cleanUpActivities" finished-at="2023-01-31T20:16:28 CST" duration-ms="179" status="PASS">
          <reporter-output>
          </reporter-output>
        </test-method> <!-- cleanUpActivities -->
      </class> <!-- testcases.CheckoutTest -->
    </test> <!-- Default test -->
  </suite> <!-- Default suite -->
</testng-results>
